Using pre-set license
Built from '2022.2/staging' branch; Version is '2022.2.11f1 (621cd60d08fd) revision 6429910'; Using compiler version '192829333'; Build Type 'Release'
OS: 'Windows 11  (10.0.23403) 64bit Core' Language: 'en' Physical Memory: 32693 MB
BatchMode: 1, IsHumanControllingUs: 0, StartBugReporterOnCrash: 0, Is64bit: 1, IsPro: 1

COMMAND LINE ARGUMENTS:
C:\Program Files\Unity\Hub\Editor\2022.2.11f1\Editor\Unity.exe
-adb2
-batchMode
-noUpm
-name
AssetImportWorker3
-projectPath
C:/Users/luke/Documents/GitHub/CTO/CTO/Forgotten
-logFile
Logs/AssetImportWorker3.log
-srvPort
62069
Successfully changed project path to: C:/Users/luke/Documents/GitHub/CTO/CTO/Forgotten
C:/Users/luke/Documents/GitHub/CTO/CTO/Forgotten
[UnityMemory] Configuration Parameters - Can be set up in boot.config
    "memorysetup-bucket-allocator-granularity=16"
    "memorysetup-bucket-allocator-bucket-count=8"
    "memorysetup-bucket-allocator-block-size=33554432"
    "memorysetup-bucket-allocator-block-count=8"
    "memorysetup-main-allocator-block-size=16777216"
    "memorysetup-thread-allocator-block-size=16777216"
    "memorysetup-gfx-main-allocator-block-size=16777216"
    "memorysetup-gfx-thread-allocator-block-size=16777216"
    "memorysetup-cache-allocator-block-size=4194304"
    "memorysetup-typetree-allocator-block-size=2097152"
    "memorysetup-profiler-bucket-allocator-granularity=16"
    "memorysetup-profiler-bucket-allocator-bucket-count=8"
    "memorysetup-profiler-bucket-allocator-block-size=33554432"
    "memorysetup-profiler-bucket-allocator-block-count=8"
    "memorysetup-profiler-allocator-block-size=16777216"
    "memorysetup-profiler-editor-allocator-block-size=1048576"
    "memorysetup-temp-allocator-size-main=16777216"
    "memorysetup-job-temp-allocator-block-size=2097152"
    "memorysetup-job-temp-allocator-block-size-background=1048576"
    "memorysetup-job-temp-allocator-reduction-small-platforms=262144"
    "memorysetup-temp-allocator-size-background-worker=32768"
    "memorysetup-temp-allocator-size-job-worker=262144"
    "memorysetup-temp-allocator-size-preload-manager=33554432"
    "memorysetup-temp-allocator-size-nav-mesh-worker=65536"
    "memorysetup-temp-allocator-size-audio-worker=65536"
    "memorysetup-temp-allocator-size-cloud-worker=32768"
    "memorysetup-temp-allocator-size-gi-baking-worker=262144"
    "memorysetup-temp-allocator-size-gfx=262144"
Player connection [24664] Host "[IP] 192.168.1.247 [Port] 0 [Flags] 2 [Guid] 1229528575 [EditorId] 1229528575 [Version] 1048832 [Id] WindowsEditor(7,APOLLO) [Debug] 1 [PackageName] WindowsEditor [ProjectName] Editor" joined multi-casting on [225.0.0.222:54997]...

Player connection [24664] Host "[IP] 192.168.1.247 [Port] 0 [Flags] 2 [Guid] 1229528575 [EditorId] 1229528575 [Version] 1048832 [Id] WindowsEditor(7,APOLLO) [Debug] 1 [PackageName] WindowsEditor [ProjectName] Editor" joined alternative multi-casting on [225.0.0.222:34997]...

Refreshing native plugins compatible for Editor in 587.88 ms, found 3 plugins.
Preloading 0 native plugins for Editor in 0.00 ms.
Initialize engine version: 2022.2.11f1 (621cd60d08fd)
[Subsystems] Discovering subsystems at path C:/Program Files/Unity/Hub/Editor/2022.2.11f1/Editor/Data/Resources/UnitySubsystems
[Subsystems] Discovering subsystems at path C:/Users/luke/Documents/GitHub/CTO/CTO/Forgotten/Assets
GfxDevice: creating device client; threaded=0; jobified=0
Direct3D:
    Version:  Direct3D 11.0 [level 11.1]
    Renderer: NVIDIA GeForce RTX 3070 (ID=0x2484)
    Vendor:   NVIDIA
    VRAM:     8032 MB
    Driver:   31.0.15.3129
Initialize mono
Mono path[0] = 'C:/Program Files/Unity/Hub/Editor/2022.2.11f1/Editor/Data/Managed'
Mono path[1] = 'C:/Program Files/Unity/Hub/Editor/2022.2.11f1/Editor/Data/MonoBleedingEdge/lib/mono/unityjit-win32'
Mono config path = 'C:/Program Files/Unity/Hub/Editor/2022.2.11f1/Editor/Data/MonoBleedingEdge/etc'
Using monoOptions --debugger-agent=transport=dt_socket,embedding=1,server=y,suspend=n,address=127.0.0.1:56216
Begin MonoManager ReloadAssembly
Registering precompiled unity dll's ...
Register platform support module: C:/Program Files/Unity/Hub/Editor/2022.2.11f1/Editor/Data/PlaybackEngines/WindowsStandaloneSupport/UnityEditor.WindowsStandalone.Extensions.dll
Registered in 0.075377 seconds.
- Loaded All Assemblies, in  3.741 seconds
Native extension for WindowsStandalone target not found
Mono: successfully reloaded assembly
- Finished resetting the current domain, in  0.233 seconds
Domain Reload Profiling:
	ReloadAssembly (3264ms)
		BeginReloadAssembly (2874ms)
			ExecutionOrderSort (0ms)
			DisableScriptedObjects (0ms)
			BackupInstance (0ms)
			ReleaseScriptingObjects (0ms)
			CreateAndSetChildDomain (1ms)
		LoadAllAssembliesAndSetupDomain (0ms)
			LoadAssemblies (2871ms)
			RebuildTransferFunctionScriptingTraits (0ms)
			SetupTypeCache (470ms)
				TypeCache.Initialize (469ms)
					TypeCache.ScanAssembly (468ms)
				ResolveRequiredComponents (0ms)
		FinalizeReload (0ms)
			ReleaseScriptCaches (0ms)
			RebuildScriptCaches (0ms)
			SetupLoadedEditorAssemblies (189ms)
				LogAssemblyErrors (0ms)
				InitializePlatformSupportModulesInManaged (9ms)
				SetLoadedEditorAssemblies (6ms)
				RefreshPlugins (0ms)
				BeforeProcessingInitializeOnLoad (1ms)
				ProcessInitializeOnLoadAttributes (120ms)
				ProcessInitializeOnLoadMethodAttributes (54ms)
				AfterProcessingInitializeOnLoad (0ms)
				EditorAssembliesLoaded (0ms)
			ExecutionOrderSort2 (0ms)
			AwakeInstancesAfterBackupRestoration (0ms)
========================================================================
Worker process is ready to serve import requests
Begin MonoManager ReloadAssembly
- Loaded All Assemblies, in  4.530 seconds
Refreshing native plugins compatible for Editor in 5.12 ms, found 3 plugins.
Native extension for WindowsStandalone target not found
Mono: successfully reloaded assembly
- Finished resetting the current domain, in  0.533 seconds
Domain Reload Profiling:
	ReloadAssembly (201ms)
		BeginReloadAssembly (117ms)
			ExecutionOrderSort (0ms)
			DisableScriptedObjects (5ms)
			BackupInstance (0ms)
			ReleaseScriptingObjects (0ms)
			CreateAndSetChildDomain (19ms)
		LoadAllAssembliesAndSetupDomain (4325ms)
			LoadAssemblies (4057ms)
			RebuildTransferFunctionScriptingTraits (0ms)
			SetupTypeCache (323ms)
				TypeCache.Initialize (304ms)
					TypeCache.ScanAssembly (301ms)
				ResolveRequiredComponents (4ms)
		FinalizeReload (0ms)
			ReleaseScriptCaches (0ms)
			RebuildScriptCaches (0ms)
			SetupLoadedEditorAssemblies (387ms)
				LogAssemblyErrors (0ms)
				InitializePlatformSupportModulesInManaged (6ms)
				SetLoadedEditorAssemblies (4ms)
				RefreshPlugins (0ms)
				BeforeProcessingInitializeOnLoad (70ms)
				ProcessInitializeOnLoadAttributes (272ms)
				ProcessInitializeOnLoadMethodAttributes (25ms)
				AfterProcessingInitializeOnLoad (10ms)
				EditorAssembliesLoaded (0ms)
			ExecutionOrderSort2 (0ms)
			AwakeInstancesAfterBackupRestoration (10ms)
Launched and connected shader compiler UnityShaderCompiler.exe after 0.12 seconds
Refreshing native plugins compatible for Editor in 6.41 ms, found 3 plugins.
Preloading 0 native plugins for Editor in 0.00 ms.
Unloading 2898 Unused Serialized files (Serialized files now loaded: 0)
Unloading 72 unused Assets / (142.9 KB). Loaded Objects now: 3363.
Memory consumption went from 105.7 MB to 105.6 MB.
Total: 4.154800 ms (FindLiveObjects: 0.309200 ms CreateObjectMapping: 0.189800 ms MarkObjects: 3.528900 ms  DeleteObjects: 0.126200 ms)

AssetImportParameters requested are different than current active one (requested -> active):
  custom:video-decoder-webm-vp8: 9c59270c3fd7afecdb556c50c9e8de78 -> 
  custom:container-demuxer-ogg: 62fdf1f143b41e24485cea50d1cbac27 -> 
  custom:AudioImporter_EditorPlatform: d09bf68614088b80899f8185d706f6e7 -> 
  custom:video-decoder-ogg-theora: a1e56fd34408186e4bbccfd4996cb3dc -> 
  custom:framework-win-MediaFoundation: 216162199b28c13a410421893ffa2e32 -> 
  custom:video-encoder-webm-vp8: eb34c28f22e8b96e1ab97ce403110664 -> 
  custom:audio-decoder-ogg-vorbis: bf7c407c2cedff20999df2af8eb42d56 -> 
  custom:container-demuxer-webm: 4f35f7cbe854078d1ac9338744f61a02 -> 
  custom:audio-encoder-webm-vorbis: bf7c407c2cedff20999df2af8eb42d56 -> 
  custom:container-muxer-webm: aa71ff27fc2769a1b78a27578f13a17b -> 
========================================================================
Received Import Request.
  Time since last request: 147161.270584 seconds.
  path: Assets/Art/Tilesets/facility.prefab
  artifactKey: Guid(18655c75db697ec40847cf67cd865559) Importer(815301076,1909f56bfc062723c751e8b465ee728b)
Start importing Assets/Art/Tilesets/facility.prefab using Guid(18655c75db697ec40847cf67cd865559) Importer(815301076,1909f56bfc062723c751e8b465ee728b)  -> (artifact id: 'ce8a3d01b42ea037ff2df14335d90a07') in 0.250977 seconds 
Number of updated asset objects reloaded before import = 0
Number of asset objects unloaded after import = 111
========================================================================
Received Import Request.
  Time since last request: 1103.208738 seconds.
  path: Assets/Art/Tilesets/Fence.png
  artifactKey: Guid(0042d22af9fc8724b98bafbc57b4ea71) Importer(815301076,1909f56bfc062723c751e8b465ee728b)
Start importing Assets/Art/Tilesets/Fence.png using Guid(0042d22af9fc8724b98bafbc57b4ea71) Importer(815301076,1909f56bfc062723c751e8b465ee728b)  -> (artifact id: '1d848d19dd56106b5bbb2635042814ac') in 0.050814 seconds 
Number of updated asset objects reloaded before import = 0
Number of asset objects unloaded after import = 18
========================================================================
Received Import Request.
  Time since last request: 33200.172609 seconds.
  path: Assets/Characters/Player/PlayerInputActions.inputactions
  artifactKey: Guid(cd26cd9f6cc35f5449257714fc9f0ef6) Importer(815301076,1909f56bfc062723c751e8b465ee728b)
Start importing Assets/Characters/Player/PlayerInputActions.inputactions using Guid(cd26cd9f6cc35f5449257714fc9f0ef6) Importer(815301076,1909f56bfc062723c751e8b465ee728b)  -> (artifact id: '0a5e9b3d49b56addf41e2469ce8d7ba4') in 0.064409 seconds 
Number of updated asset objects reloaded before import = 0
Number of asset objects unloaded after import = 14
========================================================================
Received Import Request.
  Time since last request: 70382.197024 seconds.
  path: Assets/Art/Tilesets/Tiles/Decor_1.asset
  artifactKey: Guid(e7c55e43103d13c41b5ae633060500dc) Importer(815301076,1909f56bfc062723c751e8b465ee728b)
Start importing Assets/Art/Tilesets/Tiles/Decor_1.asset using Guid(e7c55e43103d13c41b5ae633060500dc) Importer(815301076,1909f56bfc062723c751e8b465ee728b)  -> (artifact id: '6267dbc6a90e81ce6166e0f3698389c6') in 0.118116 seconds 
Number of updated asset objects reloaded before import = 0
Number of asset objects unloaded after import = 3
========================================================================
Received Import Request.
  Time since last request: 0.000073 seconds.
  path: Assets/Art/Tilesets/Tiles/Fence_14.asset
  artifactKey: Guid(c2be1dc3e9a42cb4da4e81b7d92eb0d0) Importer(815301076,1909f56bfc062723c751e8b465ee728b)
Start importing Assets/Art/Tilesets/Tiles/Fence_14.asset using Guid(c2be1dc3e9a42cb4da4e81b7d92eb0d0) Importer(815301076,1909f56bfc062723c751e8b465ee728b)  -> (artifact id: '274abf9a86a02849da799a2ddd0aef63') in 0.012061 seconds 
Number of updated asset objects reloaded before import = 0
Number of asset objects unloaded after import = 3
========================================================================
Received Import Request.
  Time since last request: 0.000011 seconds.
  path: Assets/Art/Tilesets/Tiles/Decor_3.asset
  artifactKey: Guid(01792a543c6365f4793af47d8d64c90f) Importer(815301076,1909f56bfc062723c751e8b465ee728b)
Start importing Assets/Art/Tilesets/Tiles/Decor_3.asset using Guid(01792a543c6365f4793af47d8d64c90f) Importer(815301076,1909f56bfc062723c751e8b465ee728b)  -> (artifact id: '16501261699b2bf1aac1c5766195ccb0') in 0.009673 seconds 
Number of updated asset objects reloaded before import = 0
Number of asset objects unloaded after import = 3
========================================================================
Received Import Request.
  Time since last request: 0.000010 seconds.
  path: Assets/Art/Tilesets/Tiles/Decor_6.asset
  artifactKey: Guid(fc05f83ba5fa3d14d90e801edea9fe32) Importer(815301076,1909f56bfc062723c751e8b465ee728b)
Start importing Assets/Art/Tilesets/Tiles/Decor_6.asset using Guid(fc05f83ba5fa3d14d90e801edea9fe32) Importer(815301076,1909f56bfc062723c751e8b465ee728b)  -> (artifact id: '5062d65321ac05bda136cab869c1d44b') in 0.010767 seconds 
Number of updated asset objects reloaded before import = 0
Number of asset objects unloaded after import = 3
========================================================================
Received Import Request.
  Time since last request: 0.000012 seconds.
  path: Assets/Art/Tilesets/Tiles/plains_10.asset
  artifactKey: Guid(66d740337efefba4cad2dac08a4ae677) Importer(815301076,1909f56bfc062723c751e8b465ee728b)
Start importing Assets/Art/Tilesets/Tiles/plains_10.asset using Guid(66d740337efefba4cad2dac08a4ae677) Importer(815301076,1909f56bfc062723c751e8b465ee728b)  -> (artifact id: '3e5761b1977757e6b2f0160ce21813c2') in 0.017264 seconds 
Number of updated asset objects reloaded before import = 0
Number of asset objects unloaded after import = 3
========================================================================
Received Import Request.
  Time since last request: 0.000048 seconds.
  path: Assets/Art/Tilesets/Tiles/Decor_5.asset
  artifactKey: Guid(b10afff6684bb3446b5156178d70e9b7) Importer(815301076,1909f56bfc062723c751e8b465ee728b)
Start importing Assets/Art/Tilesets/Tiles/Decor_5.asset using Guid(b10afff6684bb3446b5156178d70e9b7) Importer(815301076,1909f56bfc062723c751e8b465ee728b)  -> (artifact id: '6a51865e69fc0e5c8499a69af12136a0') in 0.013742 seconds 
Number of updated asset objects reloaded before import = 0
Number of asset objects unloaded after import = 3
========================================================================
Received Import Request.
  Time since last request: 0.000012 seconds.
  path: Assets/Art/Tilesets/Tiles/Decor_2.asset
  artifactKey: Guid(3e8ce2f0b86e5b54ab6dd9ad0e95775d) Importer(815301076,1909f56bfc062723c751e8b465ee728b)
Start importing Assets/Art/Tilesets/Tiles/Decor_2.asset using Guid(3e8ce2f0b86e5b54ab6dd9ad0e95775d) Importer(815301076,1909f56bfc062723c751e8b465ee728b)  -> (artifact id: 'b110eba2383e50325e61c8d260f389dc') in 0.019312 seconds 
Number of updated asset objects reloaded before import = 0
Number of asset objects unloaded after import = 3
========================================================================
Received Import Request.
  Time since last request: 0.000014 seconds.
  path: Assets/Art/Tilesets/Tiles/Fence_9.asset
  artifactKey: Guid(322eeb7a2ef5b7e4cb3b35d570bb7349) Importer(815301076,1909f56bfc062723c751e8b465ee728b)
Start importing Assets/Art/Tilesets/Tiles/Fence_9.asset using Guid(322eeb7a2ef5b7e4cb3b35d570bb7349) Importer(815301076,1909f56bfc062723c751e8b465ee728b)  -> (artifact id: '6a1e414bde7558b574496958a8238edc') in 0.012155 seconds 
Number of updated asset objects reloaded before import = 0
Number of asset objects unloaded after import = 3
========================================================================
Received Import Request.
  Time since last request: 0.000075 seconds.
  path: Assets/Art/Tilesets/Tiles/Fence_3.asset
  artifactKey: Guid(642afc73935e924499cb432d7c371d28) Importer(815301076,1909f56bfc062723c751e8b465ee728b)
Start importing Assets/Art/Tilesets/Tiles/Fence_3.asset using Guid(642afc73935e924499cb432d7c371d28) Importer(815301076,1909f56bfc062723c751e8b465ee728b)  -> (artifact id: '59304193911c7ae8603946249f1c7988') in 0.020206 seconds 
Number of updated asset objects reloaded before import = 0
Number of asset objects unloaded after import = 3
========================================================================
Received Import Request.
  Time since last request: 0.000015 seconds.
  path: Assets/Art/Tilesets/Tiles/Fence_1.asset
  artifactKey: Guid(556881b69277aa34f842fef64684b490) Importer(815301076,1909f56bfc062723c751e8b465ee728b)
Start importing Assets/Art/Tilesets/Tiles/Fence_1.asset using Guid(556881b69277aa34f842fef64684b490) Importer(815301076,1909f56bfc062723c751e8b465ee728b)  -> (artifact id: '2a9d18cbdbd89c473a9b410a4cbf2d1e') in 0.027473 seconds 
Number of updated asset objects reloaded before import = 0
Number of asset objects unloaded after import = 3
========================================================================
Received Import Request.
  Time since last request: 0.000014 seconds.
  path: Assets/Art/Tilesets/Tiles/plains_13.asset
  artifactKey: Guid(77c3b19b4d16b764087b167a057ec54e) Importer(815301076,1909f56bfc062723c751e8b465ee728b)
Start importing Assets/Art/Tilesets/Tiles/plains_13.asset using Guid(77c3b19b4d16b764087b167a057ec54e) Importer(815301076,1909f56bfc062723c751e8b465ee728b)  -> (artifact id: 'ceacfd409dadddd387485518cd044045') in 0.020173 seconds 
Number of updated asset objects reloaded before import = 0
Number of asset objects unloaded after import = 3
========================================================================
Received Import Request.
  Time since last request: 0.000015 seconds.
  path: Assets/Art/Tilesets/Tiles/plains_8.asset
  artifactKey: Guid(1905e1120c6f357438bb66d481b0ec6e) Importer(815301076,1909f56bfc062723c751e8b465ee728b)
Start importing Assets/Art/Tilesets/Tiles/plains_8.asset using Guid(1905e1120c6f357438bb66d481b0ec6e) Importer(815301076,1909f56bfc062723c751e8b465ee728b)  -> (artifact id: '5121f8e38609e4942deaef9c33042bf2') in 0.048183 seconds 
Number of updated asset objects reloaded before import = 0
Number of asset objects unloaded after import = 3
========================================================================
Received Import Request.
  Time since last request: 0.000038 seconds.
  path: Assets/Art/Tilesets/Tiles/plains_7.asset
  artifactKey: Guid(ad8e22f8b1ae5ad41a5964af42517b33) Importer(815301076,1909f56bfc062723c751e8b465ee728b)
Start importing Assets/Art/Tilesets/Tiles/plains_7.asset using Guid(ad8e22f8b1ae5ad41a5964af42517b33) Importer(815301076,1909f56bfc062723c751e8b465ee728b)  -> (artifact id: 'ea7bdc1fcad73ca4e93e0ddb12bd4d1c') in 0.014576 seconds 
Number of updated asset objects reloaded before import = 0
Number of asset objects unloaded after import = 3
========================================================================
Received Import Request.
  Time since last request: 0.000018 seconds.
  path: Assets/Art/Tilesets/Tiles/plains_14.asset
  artifactKey: Guid(4a6d20b961701514b818c67e9f186dba) Importer(815301076,1909f56bfc062723c751e8b465ee728b)
Start importing Assets/Art/Tilesets/Tiles/plains_14.asset using Guid(4a6d20b961701514b818c67e9f186dba) Importer(815301076,1909f56bfc062723c751e8b465ee728b)  -> (artifact id: 'd88a79a70e6038fc30e77e894cf5a4b5') in 0.012983 seconds 
Number of updated asset objects reloaded before import = 0
Number of asset objects unloaded after import = 3
========================================================================
Received Import Request.
  Time since last request: 0.000017 seconds.
  path: Assets/Art/Tilesets/Tiles/Fence_13.asset
  artifactKey: Guid(261e7cbb62c2eb349829ed6a964e902f) Importer(815301076,1909f56bfc062723c751e8b465ee728b)
Start importing Assets/Art/Tilesets/Tiles/Fence_13.asset using Guid(261e7cbb62c2eb349829ed6a964e902f) Importer(815301076,1909f56bfc062723c751e8b465ee728b)  -> (artifact id: 'dff0840fa7fdf91dcdde6a49efae51e4') in 0.014641 seconds 
Number of updated asset objects reloaded before import = 0
Number of asset objects unloaded after import = 3
========================================================================
Received Import Request.
  Time since last request: 0.000040 seconds.
  path: Assets/Art/Tilesets/Tiles/plains_12.asset
  artifactKey: Guid(719aa570630e4c24eaed0b1a3e4af4d6) Importer(815301076,1909f56bfc062723c751e8b465ee728b)
Start importing Assets/Art/Tilesets/Tiles/plains_12.asset using Guid(719aa570630e4c24eaed0b1a3e4af4d6) Importer(815301076,1909f56bfc062723c751e8b465ee728b)  -> (artifact id: '1078ec9f3fe3a958140eb1d38e4ee3c8') in 0.007013 seconds 
Number of updated asset objects reloaded before import = 0
Number of asset objects unloaded after import = 3
========================================================================
Received Import Request.
  Time since last request: 0.000047 seconds.
  path: Assets/Art/Tilesets/Tiles/plains_0.asset
  artifactKey: Guid(b7f673dc310fe9e4da5b504d5c0f0f5a) Importer(815301076,1909f56bfc062723c751e8b465ee728b)
Start importing Assets/Art/Tilesets/Tiles/plains_0.asset using Guid(b7f673dc310fe9e4da5b504d5c0f0f5a) Importer(815301076,1909f56bfc062723c751e8b465ee728b)  -> (artifact id: '592a8c800c97a06da93e64bfa200e7c4') in 0.007720 seconds 
Number of updated asset objects reloaded before import = 0
Number of asset objects unloaded after import = 3
========================================================================
Received Import Request.
  Time since last request: 0.000014 seconds.
  path: Assets/Art/Tilesets/Tiles/plains_17.asset
  artifactKey: Guid(aff02d71212a3d042a73a0d2ba5844c5) Importer(815301076,1909f56bfc062723c751e8b465ee728b)
Start importing Assets/Art/Tilesets/Tiles/plains_17.asset using Guid(aff02d71212a3d042a73a0d2ba5844c5) Importer(815301076,1909f56bfc062723c751e8b465ee728b)  -> (artifact id: '988cfc390946c0b79ef61c61b623966a') in 0.007614 seconds 
Number of updated asset objects reloaded before import = 0
Number of asset objects unloaded after import = 3
========================================================================
Received Import Request.
  Time since last request: 0.000039 seconds.
  path: Assets/Art/Tilesets/Tiles/Decor_7.asset
  artifactKey: Guid(0bc6f251a429de648bb5025038304765) Importer(815301076,1909f56bfc062723c751e8b465ee728b)
Start importing Assets/Art/Tilesets/Tiles/Decor_7.asset using Guid(0bc6f251a429de648bb5025038304765) Importer(815301076,1909f56bfc062723c751e8b465ee728b)  -> (artifact id: '783e05bfb6a0cfae880beadeb1bd2f82') in 0.011190 seconds 
Number of updated asset objects reloaded before import = 0
Number of asset objects unloaded after import = 3
========================================================================
Received Import Request.
  Time since last request: 0.000015 seconds.
  path: Assets/Art/Tilesets/Tiles/Fence_2.asset
  artifactKey: Guid(e396ea062ef71bd4d96b4a81c1621f3d) Importer(815301076,1909f56bfc062723c751e8b465ee728b)
Start importing Assets/Art/Tilesets/Tiles/Fence_2.asset using Guid(e396ea062ef71bd4d96b4a81c1621f3d) Importer(815301076,1909f56bfc062723c751e8b465ee728b)  -> (artifact id: '9f1667e4a2204536e34ae51bc7ef0e65') in 0.009386 seconds 
Number of updated asset objects reloaded before import = 0
Number of asset objects unloaded after import = 3
========================================================================
Received Import Request.
  Time since last request: 0.000018 seconds.
  path: Assets/Art/Tilesets/Tiles/Fence_6.asset
  artifactKey: Guid(c44c8f38fb6a51f4f894db299de8953f) Importer(815301076,1909f56bfc062723c751e8b465ee728b)
Start importing Assets/Art/Tilesets/Tiles/Fence_6.asset using Guid(c44c8f38fb6a51f4f894db299de8953f) Importer(815301076,1909f56bfc062723c751e8b465ee728b)  -> (artifact id: '7f87d74ca6964b2e7222170f75003861') in 0.007206 seconds 
Number of updated asset objects reloaded before import = 0
Number of asset objects unloaded after import = 3
========================================================================
Received Import Request.
  Time since last request: 0.000062 seconds.
  path: Assets/Art/Tilesets/Tiles/plains_16.asset
  artifactKey: Guid(22c70088f6230da4cb58ff9f1d926cc7) Importer(815301076,1909f56bfc062723c751e8b465ee728b)
Start importing Assets/Art/Tilesets/Tiles/plains_16.asset using Guid(22c70088f6230da4cb58ff9f1d926cc7) Importer(815301076,1909f56bfc062723c751e8b465ee728b)  -> (artifact id: 'cc7a8c9d73a00348437cc5cce36f46df') in 0.007872 seconds 
Number of updated asset objects reloaded before import = 0
Number of asset objects unloaded after import = 3
========================================================================
Received Import Request.
  Time since last request: 0.000014 seconds.
  path: Assets/Art/Tilesets/Tiles/Fence_4.asset
  artifactKey: Guid(724f30bdb93ce14459e9a4c9e3a04a8a) Importer(815301076,1909f56bfc062723c751e8b465ee728b)
Start importing Assets/Art/Tilesets/Tiles/Fence_4.asset using Guid(724f30bdb93ce14459e9a4c9e3a04a8a) Importer(815301076,1909f56bfc062723c751e8b465ee728b)  -> (artifact id: '8c74d6e5b0faf6a93157beb2bc684936') in 0.010623 seconds 
Number of updated asset objects reloaded before import = 0
Number of asset objects unloaded after import = 3
========================================================================
Received Import Request.
  Time since last request: 0.000047 seconds.
  path: Assets/Art/Tilesets/Tiles/Fence_11.asset
  artifactKey: Guid(52d61d7cd2595084891f83f404738fa3) Importer(815301076,1909f56bfc062723c751e8b465ee728b)
Start importing Assets/Art/Tilesets/Tiles/Fence_11.asset using Guid(52d61d7cd2595084891f83f404738fa3) Importer(815301076,1909f56bfc062723c751e8b465ee728b)  -> (artifact id: '5ab8b404eb8a65ac60db82222d3ba03d') in 0.007614 seconds 
Number of updated asset objects reloaded before import = 0
Number of asset objects unloaded after import = 3
Editor requested this worker to shutdown with reason: Scaling down because of idle timeout
TcpMessagingSession - receive error: operation aborted. errorcode: 995, details: The I/O operation has been aborted because of either a thread exit or an application request.
AssetImportWorker is now disconnected from the server
Process exiting
Exiting without the bug reporter. Application will terminate with return code 0